Determining if the pthread_create exist failed with the following output:
Change Dir: /home/karkal/ROS_for_Beginners/catkin_ws/build/CMakeFiles/CMakeTmp

Run Build Command:"/usr/bin/make" "cmTC_47241/fast"
/usr/bin/make -f CMakeFiles/cmTC_47241.dir/build.make CMakeFiles/cmTC_47241.dir/build
make[1]: Entering directory '/home/karkal/ROS_for_Beginners/catkin_ws/build/CMakeFiles/CMakeTmp'
Building C object CMakeFiles/cmTC_47241.dir/CheckSymbolExists.c.o
/usr/bin/cc    -o CMakeFiles/cmTC_47241.dir/CheckSymbolExists.c.o   -c /home/karkal/ROS_for_Beginners/catkin_ws/build/CMakeFiles/CMakeTmp/CheckSymbolExists.c
Linking C executable cmTC_47241
/usr/bin/cmake -E cmake_link_script CMakeFiles/cmTC_47241.dir/link.txt --verbose=1
/usr/bin/cc      -rdynamic CMakeFiles/cmTC_47241.dir/CheckSymbolExists.c.o  -o cmTC_47241 
CMakeFiles/cmTC_47241.dir/CheckSymbolExists.c.o: In function `main':
CheckSymbolExists.c:(.text+0x1b): undefined reference to `pthread_create'
collect2: error: ld returned 1 exit status
CMakeFiles/cmTC_47241.dir/build.make:97: recipe for target 'cmTC_47241' failed
make[1]: *** [cmTC_47241] Error 1
make[1]: Leaving directory '/home/karkal/ROS_for_Beginners/catkin_ws/build/CMakeFiles/CMakeTmp'
Makefile:126: recipe for target 'cmTC_47241/fast' failed
make: *** [cmTC_47241/fast] Error 2

File /home/karkal/ROS_for_Beginners/catkin_ws/build/CMakeFiles/CMakeTmp/CheckSymbolExists.c:
/* */
#include <pthread.h>

int main(int argc, char** argv)
{
  (void)argv;
#ifndef pthread_create
  return ((int*)(&pthread_create))[argc];
#else
  (void)argc;
  return 0;
#endif
}

Determining if the function pthread_create exists in the pthreads failed with the following output:
Change Dir: /home/karkal/ROS_for_Beginners/catkin_ws/build/CMakeFiles/CMakeTmp

Run Build Command:"/usr/bin/make" "cmTC_2d4c8/fast"
/usr/bin/make -f CMakeFiles/cmTC_2d4c8.dir/build.make CMakeFiles/cmTC_2d4c8.dir/build
make[1]: Entering directory '/home/karkal/ROS_for_Beginners/catkin_ws/build/CMakeFiles/CMakeTmp'
Building C object CMakeFiles/cmTC_2d4c8.dir/CheckFunctionExists.c.o
/usr/bin/cc   -DCHECK_FUNCTION_EXISTS=pthread_create   -o CMakeFiles/cmTC_2d4c8.dir/CheckFunctionExists.c.o   -c /usr/share/cmake-3.10/Modules/CheckFunctionExists.c
Linking C executable cmTC_2d4c8
/usr/bin/cmake -E cmake_link_script CMakeFiles/cmTC_2d4c8.dir/link.txt --verbose=1
/usr/bin/cc  -DCHECK_FUNCTION_EXISTS=pthread_create    -rdynamic CMakeFiles/cmTC_2d4c8.dir/CheckFunctionExists.c.o  -o cmTC_2d4c8 -lpthreads 
/usr/bin/ld: cannot find -lpthreads
collect2: error: ld returned 1 exit status
CMakeFiles/cmTC_2d4c8.dir/build.make:97: recipe for target 'cmTC_2d4c8' failed
make[1]: *** [cmTC_2d4c8] Error 1
make[1]: Leaving directory '/home/karkal/ROS_for_Beginners/catkin_ws/build/CMakeFiles/CMakeTmp'
Makefile:126: recipe for target 'cmTC_2d4c8/fast' failed
make: *** [cmTC_2d4c8/fast] Error 2


